<?xml version="1.0" encoding="UTF-8"?>
<testsuite xmlns:xsi="http://www.w3.org/2001/XMLSchema-instance" xsi:noNamespaceSchemaLocation="https://maven.apache.org/surefire/maven-surefire-plugin/xsd/surefire-test-report-3.0.xsd" version="3.0" name="com.example.LionTest" time="0.08" tests="5" errors="0" skipped="0" failures="0">
  <properties>
    <property name="sun.desktop" value="windows"/>
    <property name="awt.toolkit" value="sun.awt.windows.WToolkit"/>
    <property name="java.specification.version" value="11"/>
    <property name="sun.cpu.isalist" value="amd64"/>
    <property name="sun.jnu.encoding" value="Cp1251"/>
    <property name="java.class.path" value="C:\Users\kharchenko.rs\qa_java\target\test-classes;C:\Users\kharchenko.rs\qa_java\target\classes;C:\Users\kharchenko.rs\.m2\repository\junit\junit\4.13.2\junit-4.13.2.jar;C:\Users\kharchenko.rs\.m2\repository\org\hamcrest\hamcrest-core\1.3\hamcrest-core-1.3.jar;C:\Users\kharchenko.rs\.m2\repository\org\mockito\mockito-all\1.10.19\mockito-all-1.10.19.jar;"/>
    <property name="java.vm.vendor" value="Amazon.com Inc."/>
    <property name="sun.arch.data.model" value="64"/>
    <property name="user.variant" value=""/>
    <property name="java.vendor.url" value="https://aws.amazon.com/corretto/"/>
    <property name="user.timezone" value="Europe/Moscow"/>
    <property name="java.vm.specification.version" value="11"/>
    <property name="os.name" value="Windows 10"/>
    <property name="sun.java.launcher" value="SUN_STANDARD"/>
    <property name="user.country" value="RU"/>
    <property name="sun.boot.library.path" value="D:\Yandex\Amazon Corretto\jdk11.0.28_6\bin"/>
    <property name="sun.java.command" value="C:\Users\kharchenko.rs\AppData\Local\Temp\surefire14684327714276993103\surefirebooter-20251028081216541_3.jar C:\Users\kharchenko.rs\AppData\Local\Temp\surefire14684327714276993103 2025-10-28T08-12-16_083-jvmRun1 surefire-20251028081216541_1tmp surefire_0-20251028081216541_2tmp"/>
    <property name="jdk.debug" value="release"/>
    <property name="surefire.test.class.path" value="C:\Users\kharchenko.rs\qa_java\target\test-classes;C:\Users\kharchenko.rs\qa_java\target\classes;C:\Users\kharchenko.rs\.m2\repository\junit\junit\4.13.2\junit-4.13.2.jar;C:\Users\kharchenko.rs\.m2\repository\org\hamcrest\hamcrest-core\1.3\hamcrest-core-1.3.jar;C:\Users\kharchenko.rs\.m2\repository\org\mockito\mockito-all\1.10.19\mockito-all-1.10.19.jar;"/>
    <property name="sun.cpu.endian" value="little"/>
    <property name="user.home" value="C:\Users\kharchenko.rs"/>
    <property name="user.language" value="ru"/>
    <property name="java.specification.vendor" value="Oracle Corporation"/>
    <property name="java.version.date" value="2025-07-15"/>
    <property name="java.home" value="D:\Yandex\Amazon Corretto\jdk11.0.28_6"/>
    <property name="file.separator" value="\"/>
    <property name="basedir" value="C:\Users\kharchenko.rs\qa_java"/>
    <property name="java.vm.compressedOopsMode" value="Zero based"/>
    <property name="line.separator" value="&#10;"/>
    <property name="java.specification.name" value="Java Platform API Specification"/>
    <property name="java.vm.specification.vendor" value="Oracle Corporation"/>
    <property name="java.awt.graphicsenv" value="sun.awt.Win32GraphicsEnvironment"/>
    <property name="surefire.real.class.path" value="C:\Users\kharchenko.rs\AppData\Local\Temp\surefire14684327714276993103\surefirebooter-20251028081216541_3.jar"/>
    <property name="user.script" value=""/>
    <property name="sun.management.compiler" value="HotSpot 64-Bit Tiered Compilers"/>
    <property name="java.runtime.version" value="11.0.28+6-LTS"/>
    <property name="user.name" value="Kharchenko.RS"/>
    <property name="path.separator" value=";"/>
    <property name="os.version" value="10.0"/>
    <property name="java.runtime.name" value="OpenJDK Runtime Environment"/>
    <property name="file.encoding" value="Cp1251"/>
    <property name="java.vm.name" value="OpenJDK 64-Bit Server VM"/>
    <property name="java.vendor.version" value="Corretto-11.0.28.6.1"/>
    <property name="localRepository" value="C:\Users\kharchenko.rs\.m2\repository"/>
    <property name="java.vendor.url.bug" value="https://github.com/corretto/corretto-11/issues/"/>
    <property name="java.io.tmpdir" value="C:\Users\KHARCH~1.RS\AppData\Local\Temp\"/>
    <property name="java.version" value="11.0.28"/>
    <property name="user.dir" value="C:\Users\kharchenko.rs\qa_java"/>
    <property name="os.arch" value="amd64"/>
    <property name="java.vm.specification.name" value="Java Virtual Machine Specification"/>
    <property name="java.awt.printerjob" value="sun.awt.windows.WPrinterJob"/>
    <property name="sun.os.patch.level" value=""/>
    <property name="java.library.path" value="D:\Yandex\Amazon Corretto\jdk11.0.28_6\bin;C:\Windows\Sun\Java\bin;C:\Windows\system32;C:\Windows;D:\Yandex\Amazon Corretto\jdk11.0.28_6\bin;C:\Program Files (x86)\Razer Chroma SDK\bin;C:\Program Files\Razer Chroma SDK\bin;C:\Program Files (x86)\Razer\ChromaBroadcast\bin;C:\Program Files\Razer\ChromaBroadcast\bin;C:\Windows\system32;C:\Windows;C:\Windows\System32\Wbem;C:\Windows\System32\WindowsPowerShell\v1.0\;C:\Windows\System32\OpenSSH\;C:\Windows\system32\config\systemprofile\AppData\Local\Microsoft\WindowsApps;C:\Program Files\Git\cmd;C:\Program Files\apache-maven-3.9.11\bin;C:\Users\kharchenko.rs\AppData\Local\Microsoft\WindowsApps;D:\WebDriverbin\bin;;."/>
    <property name="java.vm.info" value="mixed mode"/>
    <property name="java.vendor" value="Amazon.com Inc."/>
    <property name="java.vm.version" value="11.0.28+6-LTS"/>
    <property name="java.specification.maintenance.version" value="3"/>
    <property name="sun.io.unicode.encoding" value="UnicodeLittle"/>
    <property name="java.class.version" value="55.0"/>
  </properties>
  <testcase name="lionInvalidSex_ThrowsException" classname="com.example.LionTest" time="0.0"/>
  <testcase name="lionMale_HasMane" classname="com.example.LionTest" time="0.0"/>
  <testcase name="getKittens_DelegatesToFeline" classname="com.example.LionTest" time="0.062"/>
  <testcase name="getFood_DelegatesToFeline" classname="com.example.LionTest" time="0.008"/>
  <testcase name="lionFemale_NoMane" classname="com.example.LionTest" time="0.002"/>
</testsuite>